Warning[205] C:\PIC\009_2_SEVEN_SEGMENT_DISPLAY_0_9\009_2_SEVEN_SEGMENT_DISPLAY.ASM 1 : Found directive in column 1. (include)
Warning[203] C:\PIC\009_2_SEVEN_SEGMENT_DISPLAY_0_9\009_2_SEVEN_SEGMENT_DISPLAY.ASM 5 : Found opcode in column 1. (BCF)
Warning[203] C:\PIC\009_2_SEVEN_SEGMENT_DISPLAY_0_9\009_2_SEVEN_SEGMENT_DISPLAY.ASM 6 : Found opcode in column 1. (BSF)
Warning[203] C:\PIC\009_2_SEVEN_SEGMENT_DISPLAY_0_9\009_2_SEVEN_SEGMENT_DISPLAY.ASM 7 : Found opcode in column 1. (CLRF)
Message[302] C:\PIC\009_2_SEVEN_SEGMENT_DISPLAY_0_9\009_2_SEVEN_SEGMENT_DISPLAY.ASM 7 : Register in operand not in bank 0.  Ensure that bank bits are correct.
Warning[203] C:\PIC\009_2_SEVEN_SEGMENT_DISPLAY_0_9\009_2_SEVEN_SEGMENT_DISPLAY.ASM 8 : Found opcode in column 1. (BCF)
Warning[203] C:\PIC\009_2_SEVEN_SEGMENT_DISPLAY_0_9\009_2_SEVEN_SEGMENT_DISPLAY.ASM 9 : Found opcode in column 1. (CLRF)
Warning[203] C:\PIC\009_2_SEVEN_SEGMENT_DISPLAY_0_9\009_2_SEVEN_SEGMENT_DISPLAY.ASM 10 : Found opcode in column 1. (CLRF)
Warning[203] C:\PIC\009_2_SEVEN_SEGMENT_DISPLAY_0_9\009_2_SEVEN_SEGMENT_DISPLAY.ASM 17 : Found opcode in column 1. (MOVF)
Warning[203] C:\PIC\009_2_SEVEN_SEGMENT_DISPLAY_0_9\009_2_SEVEN_SEGMENT_DISPLAY.ASM 18 : Found opcode in column 1. (CALL)
Warning[203] C:\PIC\009_2_SEVEN_SEGMENT_DISPLAY_0_9\009_2_SEVEN_SEGMENT_DISPLAY.ASM 19 : Found opcode in column 1. (MOVWF)
Warning[203] C:\PIC\009_2_SEVEN_SEGMENT_DISPLAY_0_9\009_2_SEVEN_SEGMENT_DISPLAY.ASM 20 : Found opcode in column 1. (CALL)
Warning[203] C:\PIC\009_2_SEVEN_SEGMENT_DISPLAY_0_9\009_2_SEVEN_SEGMENT_DISPLAY.ASM 22 : Found opcode in column 1. (INCF)
Warning[203] C:\PIC\009_2_SEVEN_SEGMENT_DISPLAY_0_9\009_2_SEVEN_SEGMENT_DISPLAY.ASM 24 : Found opcode in column 1. (MOVF)
Warning[203] C:\PIC\009_2_SEVEN_SEGMENT_DISPLAY_0_9\009_2_SEVEN_SEGMENT_DISPLAY.ASM 25 : Found opcode in column 1. (SUBLW)
Warning[203] C:\PIC\009_2_SEVEN_SEGMENT_DISPLAY_0_9\009_2_SEVEN_SEGMENT_DISPLAY.ASM 26 : Found opcode in column 1. (BTFSS)
Warning[203] C:\PIC\009_2_SEVEN_SEGMENT_DISPLAY_0_9\009_2_SEVEN_SEGMENT_DISPLAY.ASM 27 : Found opcode in column 1. (GOTO)
Warning[203] C:\PIC\009_2_SEVEN_SEGMENT_DISPLAY_0_9\009_2_SEVEN_SEGMENT_DISPLAY.ASM 28 : Found opcode in column 1. (CLRF)
Warning[203] C:\PIC\009_2_SEVEN_SEGMENT_DISPLAY_0_9\009_2_SEVEN_SEGMENT_DISPLAY.ASM 30 : Found opcode in column 1. (GOTO)
Warning[205] C:\PIC\009_2_SEVEN_SEGMENT_DISPLAY_0_9\009_2_SEVEN_SEGMENT_DISPLAY.ASM 61 : Found directive in column 1. (END)
