MPASM  5.50     008_SEVEN_SEGMENT_DISPLAY.ASM   1-4-2024  15:40:57         PAGE  1


LOC  OBJECT CODE     LINE SOURCE TEXT
  VALUE

                      00001 ;Sayaç ile seven segment disp kullanýmý
                      00002 
                      00003         include "P16F877.INC"
                      00001         LIST
                      00002 
                      00003 ;==========================================================================
                      00004 ;  MPASM PIC16F877 processor include
                      00005 ; 
                      00006 ;  (c) Copyright 1999-2013 Microchip Technology, All rights reserved
                      00007 ;==========================================================================
                      00008 
                      00540         LIST
                      00004 
                      00005         org 0x100
                      00006 
Warning[203]: Found opcode in column 1. (bcf)
0100   1303           00007 bcf STATUS, RP1
Warning[203]: Found opcode in column 1. (bsf)
0101   1683           00008 bsf STATUS, RP0
Warning[203]: Found opcode in column 1. (clrf)
Message[302]: Register in operand not in bank 0.  Ensure that bank bits are correct.
0102   0186           00009 clrf TRISB
                      00010 
Warning[203]: Found opcode in column 1. (bcf)
0103   1283           00011 bcf STATUS, RP0
Warning[203]: Found opcode in column 1. (clrf)
0104   0186           00012 clrf PORTB
                      00013 
  00000020            00014 SAY EQU H'20'
  00000021            00015 N EQU H'21'
  00000022            00016 M EQU H'22'
                      00017 
Warning[203]: Found opcode in column 1. (MOVLW)
0105   3000           00018 MOVLW H'00'
Warning[203]: Found opcode in column 1. (MOVWF)
0106   00A0           00019 MOVWF SAY
                      00020 
0107                  00021 DEVAM ;ANADÖNGÜ
0107   0820           00022         MOVF SAY,W ;SAY DEÐERÝNÝ W YE ATA : W=SAY
0108   390F           00023         ANDLW B'00001111' ;SAYININ(W) 15 Ý GEÇMEMESÝNÝ SAÐLAYAN AND ÝÞLEMÝ
                      00024 
0109   2???           00025         CALL SEVSEG
010A   0086           00026         MOVWF PORTB ;PORTA GÖNDER
010B   0AA0           00027         INCF SAY,F ;SAY = SAY+1
                      00028         
010C   2???           00029         CALL GECÝK              
                      00030 
Warning[203]: Found opcode in column 1. (GOTO)
010D   2???           00031 GOTO DEVAM
                      00032 
Warning[207]: Found label after column 1. (SEVSEG)
010E                  00033         SEVSEG
010E   0782           00034                 ADDWF PCL,F
MPASM  5.50     008_SEVEN_SEGMENT_DISPLAY.ASM   1-4-2024  15:40:57         PAGE  2


LOC  OBJECT CODE     LINE SOURCE TEXT
  VALUE

                      00035                 ;Sayýlarýn asci kodlarý
010F   343F           00036                 RETLW H'3F'
0110   3406           00037                 RETLW H'06'
0111   345B           00038                 RETLW H'5B'
0112   344F           00039                 RETLW H'4F'
0113   3466           00040                 RETLW H'66'
0114   346D           00041                 RETLW H'6D'
0115   347D           00042                 RETLW H'7D'
0116   3407           00043                 RETLW H'07'
0117   347F           00044                 RETLW H'7F'
0118   346F           00045                 RETLW H'6F'
0119   3477           00046                 RETLW H'77'
011A   347C           00047                 RETLW H'7C'
011B   3439           00048                 RETLW H'39'
011C   345E           00049                 RETLW H'5E'
011D   3479           00050                 RETLW H'79'
011E   3471           00051                 RETLW H'71'
                      00052                 
011F                  00053 GECÝK
011F   30FF           00054         movlw d'255'
0120   00A1           00055         movwf N
Warning[207]: Found label after column 1. (SAY1)
0121                  00056         SAY1
0121   30FF           00057                 MOVLW d'255'
0122   00A2           00058                 MOVWF M
Warning[207]: Found label after column 1. (SAY2)
0123                  00059                 SAY2
0123   0BA2           00060                         DECFSZ M,F
0124   2???           00061                 GOTO SAY2
0125   0BA1           00062                 DECFSZ N,F
0126   2???           00063         GOTO SAY1       
                      00064 
Warning[203]: Found opcode in column 1. (RETURN)
0127   0008           00065 RETURN
Warning[205]: Found directive in column 1. (END)
                      00066 END
MPASM  5.50     008_SEVEN_SEGMENT_DISPLAY.ASM   1-4-2024  15:40:57         PAGE  3


SYMBOL TABLE
  LABEL                             VALUE 

ACKDT                             00000005
ACKEN                             00000004
ACKSTAT                           00000006
ADCON0                            0000001F
ADCON1                            0000009F
ADCS0                             00000006
ADCS1                             00000007
ADDEN                             00000003
ADFM                              00000007
ADIE                              00000006
ADIF                              00000006
ADON                              00000000
ADRESH                            0000001E
ADRESL                            0000009E
BCLIE                             00000003
BCLIF                             00000003
BF                                00000000
BRGH                              00000002
C                                 00000000
CCP1CON                           00000017
CCP1IE                            00000002
CCP1IF                            00000002
CCP1M0                            00000000
CCP1M1                            00000001
CCP1M2                            00000002
CCP1M3                            00000003
CCP1X                             00000005
CCP1Y                             00000004
CCP2CON                           0000001D
CCP2IE                            00000000
CCP2IF                            00000000
CCP2M0                            00000000
CCP2M1                            00000001
CCP2M2                            00000002
CCP2M3                            00000003
CCP2X                             00000005
CCP2Y                             00000004
CCPR1                             00000015
CCPR1H                            00000016
CCPR1L                            00000015
CCPR2                             0000001B
CCPR2H                            0000001C
CCPR2L                            0000001B
CHS0                              00000003
CHS1                              00000004
CHS2                              00000005
CKE                               00000006
CKP                               00000004
CREN                              00000004
CSRC                              00000007
D                                 00000005
DATA_ADDRESS                      00000005
DC                                00000001
MPASM  5.50     008_SEVEN_SEGMENT_DISPLAY.ASM   1-4-2024  15:40:57         PAGE  4


SYMBOL TABLE
  LABEL                             VALUE 

DEVAM                             00000107
D_A                               00000005
D_NOT_A                           00000005
EEADR                             0000010D
EEADRH                            0000010F
EECON1                            0000018C
EECON2                            0000018D
EEDATA                            0000010C
EEDATH                            0000010E
EEIE                              00000004
EEIF                              00000004
EEPGD                             00000007
F                                 00000001
FERR                              00000002
FSR                               00000004
GCEN                              00000007
GECÝK                             0000011F
GIE                               00000007
GO                                00000002
GO_DONE                           00000002
GO_NOT_DONE                       00000002
I2C_DATA                          00000005
I2C_READ                          00000002
I2C_START                         00000003
I2C_STOP                          00000004
IBF                               00000007
IBOV                              00000005
INDF                              00000000
INTCON                            0000000B
INTE                              00000004
INTEDG                            00000006
INTF                              00000001
IRP                               00000007
M                                 00000022
N                                 00000021
NOT_A                             00000005
NOT_ADDRESS                       00000005
NOT_BO                            00000000
NOT_BOR                           00000000
NOT_DONE                          00000002
NOT_PD                            00000003
NOT_POR                           00000001
NOT_RBPU                          00000007
NOT_RC8                           00000006
NOT_T1SYNC                        00000002
NOT_TO                            00000004
NOT_TX8                           00000006
NOT_W                             00000002
NOT_WRITE                         00000002
OBF                               00000006
OERR                              00000001
OPTION_REG                        00000081
P                                 00000004
MPASM  5.50     008_SEVEN_SEGMENT_DISPLAY.ASM   1-4-2024  15:40:57         PAGE  5


SYMBOL TABLE
  LABEL                             VALUE 

PCFG0                             00000000
PCFG1                             00000001
PCFG2                             00000002
PCFG3                             00000003
PCL                               00000002
PCLATH                            0000000A
PCON                              0000008E
PEIE                              00000006
PEN                               00000002
PIE1                              0000008C
PIE2                              0000008D
PIR1                              0000000C
PIR2                              0000000D
PORTA                             00000005
PORTB                             00000006
PORTC                             00000007
PORTD                             00000008
PORTE                             00000009
PR2                               00000092
PS0                               00000000
PS1                               00000001
PS2                               00000002
PSA                               00000003
PSPIE                             00000007
PSPIF                             00000007
PSPMODE                           00000004
R                                 00000002
RA0                               00000000
RA1                               00000001
RA2                               00000002
RA3                               00000003
RA4                               00000004
RA5                               00000005
RB0                               00000000
RB1                               00000001
RB2                               00000002
RB3                               00000003
RB4                               00000004
RB5                               00000005
RB6                               00000006
RB7                               00000007
RBIE                              00000003
RBIF                              00000000
RC0                               00000000
RC1                               00000001
RC2                               00000002
RC3                               00000003
RC4                               00000004
RC5                               00000005
RC6                               00000006
RC7                               00000007
RC8_9                             00000006
RC9                               00000006
MPASM  5.50     008_SEVEN_SEGMENT_DISPLAY.ASM   1-4-2024  15:40:57         PAGE  6


SYMBOL TABLE
  LABEL                             VALUE 

RCD8                              00000000
RCEN                              00000003
RCIE                              00000005
RCIF                              00000005
RCREG                             0000001A
RCSTA                             00000018
RD                                00000000
RD0                               00000000
RD1                               00000001
RD2                               00000002
RD3                               00000003
RD4                               00000004
RD5                               00000005
RD6                               00000006
RD7                               00000007
RE0                               00000000
RE1                               00000001
RE2                               00000002
READ_WRITE                        00000002
RP0                               00000005
RP1                               00000006
RSEN                              00000001
RX9                               00000006
RX9D                              00000000
R_NOT_W                           00000002
R_W                               00000002
S                                 00000003
SAY                               00000020
SAY1                              00000121
SAY2                              00000123
SEN                               00000000
SEVSEG                            0000010E
SMP                               00000007
SPBRG                             00000099
SPEN                              00000007
SREN                              00000005
SSPADD                            00000093
SSPBUF                            00000013
SSPCON                            00000014
SSPCON2                           00000091
SSPEN                             00000005
SSPIE                             00000003
SSPIF                             00000003
SSPM0                             00000000
SSPM1                             00000001
SSPM2                             00000002
SSPM3                             00000003
SSPOV                             00000006
SSPSTAT                           00000094
STATUS                            00000003
SYNC                              00000004
T0CS                              00000005
T0IE                              00000005
MPASM  5.50     008_SEVEN_SEGMENT_DISPLAY.ASM   1-4-2024  15:40:57         PAGE  7


SYMBOL TABLE
  LABEL                             VALUE 

T0IF                              00000002
T0SE                              00000004
T1CKPS0                           00000004
T1CKPS1                           00000005
T1CON                             00000010
T1INSYNC                          00000002
T1OSCEN                           00000003
T1SYNC                            00000002
T2CKPS0                           00000000
T2CKPS1                           00000001
T2CON                             00000012
TMR0                              00000001
TMR0IE                            00000005
TMR0IF                            00000002
TMR1                              0000000E
TMR1CS                            00000001
TMR1H                             0000000F
TMR1IE                            00000000
TMR1IF                            00000000
TMR1L                             0000000E
TMR1ON                            00000000
TMR2                              00000011
TMR2IE                            00000001
TMR2IF                            00000001
TMR2ON                            00000002
TOUTPS0                           00000003
TOUTPS1                           00000004
TOUTPS2                           00000005
TOUTPS3                           00000006
TRISA                             00000085
TRISA0                            00000000
TRISA1                            00000001
TRISA2                            00000002
TRISA3                            00000003
TRISA4                            00000004
TRISA5                            00000005
TRISB                             00000086
TRISB0                            00000000
TRISB1                            00000001
TRISB2                            00000002
TRISB3                            00000003
TRISB4                            00000004
TRISB5                            00000005
TRISB6                            00000006
TRISB7                            00000007
TRISC                             00000087
TRISC0                            00000000
TRISC1                            00000001
TRISC2                            00000002
TRISC3                            00000003
TRISC4                            00000004
TRISC5                            00000005
TRISC6                            00000006
MPASM  5.50     008_SEVEN_SEGMENT_DISPLAY.ASM   1-4-2024  15:40:57         PAGE  8


SYMBOL TABLE
  LABEL                             VALUE 

TRISC7                            00000007
TRISD                             00000088
TRISD0                            00000000
TRISD1                            00000001
TRISD2                            00000002
TRISD3                            00000003
TRISD4                            00000004
TRISD5                            00000005
TRISD6                            00000006
TRISD7                            00000007
TRISE                             00000089
TRISE0                            00000000
TRISE1                            00000001
TRISE2                            00000002
TRMT                              00000001
TX8_9                             00000006
TX9                               00000006
TX9D                              00000000
TXD8                              00000000
TXEN                              00000005
TXIE                              00000004
TXIF                              00000004
TXREG                             00000019
TXSTA                             00000098
UA                                00000001
W                                 00000000
WCOL                              00000007
WR                                00000001
WREN                              00000002
WRERR                             00000003
Z                                 00000002
_BODEN_OFF                        00003FBF
_BODEN_ON                         00003FFF
_BOREN_OFF                        00003FBF
_BOREN_ON                         00003FFF
_CONFIG                           00002007
_CPD_OFF                          00003FFF
_CPD_ON                           00003EFF
_CP_ALL                           00000FCF
_CP_HALF                          00001FDF
_CP_OFF                           00003FFF
_CP_UPPER_256                     00002FEF
_DEBUG_OFF                        00003FFF
_DEBUG_ON                         000037FF
_DEVID1                           00002006
_FOSC_EXTRC                       00003FFF
_FOSC_HS                          00003FFE
_FOSC_LP                          00003FFC
_FOSC_XT                          00003FFD
_HS_OSC                           00003FFE
_IDLOC0                           00002000
_IDLOC1                           00002001
_IDLOC2                           00002002
MPASM  5.50     008_SEVEN_SEGMENT_DISPLAY.ASM   1-4-2024  15:40:57         PAGE  9


SYMBOL TABLE
  LABEL                             VALUE 

_IDLOC3                           00002003
_LP_OSC                           00003FFC
_LVP_OFF                          00003F7F
_LVP_ON                           00003FFF
_PWRTE_OFF                        00003FFF
_PWRTE_ON                         00003FF7
_RC_OSC                           00003FFF
_WDTE_OFF                         00003FFB
_WDTE_ON                          00003FFF
_WDT_OFF                          00003FFB
_WDT_ON                           00003FFF
_WRT_ENABLE_OFF                   00003DFF
_WRT_ENABLE_ON                    00003FFF
_WRT_OFF                          00003DFF
_WRT_ON                           00003FFF
_XT_OSC                           00003FFD
__16F877                          00000001
__DEBUG                           1

Errors   :     0
Warnings :    13 reported,     0 suppressed
Messages :     1 reported,     0 suppressed

